2025-05-09 11:19:51.185 QUERY 2->6 PATH -1
2025-05-09 11:19:51.185 QUERY 6->6 PATH -1
2025-05-09 11:19:51.186 QUERY 3->2 PATH 2
2025-05-09 11:19:51.186 QUERY 3->10 PATH -1
2025-05-09 11:19:51.186 BATCH COMPLETE 56 ms
2025-05-09 11:19:51.186 QUERY 2->1 PATH 2
2025-05-09 11:19:51.186 BATCH COMPLETE 52 ms
2025-05-09 11:19:56.194 QUERY 10->5 PATH -1
2025-05-09 11:19:56.194 DELETE 2->2 NOOP
2025-05-09 11:19:56.195 ADD 3->4 OK
2025-05-09 11:19:56.195 BATCH COMPLETE 1 ms
2025-05-09 11:20:01.193 QUERY 3->1 PATH 1
2025-05-09 11:20:01.194 BATCH COMPLETE 1 ms
2025-05-09 11:20:05.202 QUERY 2->8 PATH -1
2025-05-09 11:20:05.202 QUERY 4->8 PATH -1
2025-05-09 11:20:05.203 QUERY 5->10 PATH -1
2025-05-09 11:20:05.203 QUERY 3->7 PATH -1
2025-05-09 11:20:05.203 QUERY 7->4 PATH -1
2025-05-09 11:20:05.204 BATCH COMPLETE 2 ms
2025-05-09 11:20:06.210 ADD 8->10 OK
2025-05-09 11:20:06.211 QUERY 1->9 PATH -1
2025-05-09 11:20:06.211 DELETE 6->5 NOOP
2025-05-09 11:20:06.211 QUERY 1->1 PATH 0
2025-05-09 11:20:06.212 BATCH COMPLETE 2 ms
2025-05-09 11:20:07.200 DELETE 3->2 NOOP
2025-05-09 11:20:07.201 QUERY 6->9 PATH -1
2025-05-09 11:20:07.201 DELETE 5->2 NOOP
2025-05-09 11:20:07.201 QUERY 10->4 PATH -1
2025-05-09 11:20:07.202 QUERY 2->10 PATH -1
2025-05-09 11:20:07.202 BATCH COMPLETE 2 ms
2025-05-09 11:20:08.220 QUERY 1->2 PATH 1
2025-05-09 11:20:08.221 QUERY 1->8 PATH -1
2025-05-09 11:20:08.221 QUERY 2->6 PATH -1
2025-05-09 11:20:08.221 BATCH COMPLETE 1 ms
2025-05-09 11:20:12.209 QUERY 1->6 PATH -1
2025-05-09 11:20:12.209 QUERY 3->9 PATH -1
2025-05-09 11:20:12.209 QUERY 10->1 PATH -1
2025-05-09 11:20:12.210 QUERY 6->5 PATH -1
2025-05-09 11:20:12.210 BATCH COMPLETE 2 ms
2025-05-09 11:20:14.226 QUERY 8->6 PATH -1
2025-05-09 11:20:14.227 DELETE 1->6 NOOP
2025-05-09 11:20:14.227 QUERY 8->6 PATH -1
2025-05-09 11:20:14.227 BATCH COMPLETE 1 ms
2025-05-09 11:20:20.216 QUERY 6->5 PATH -1
2025-05-09 11:20:20.217 QUERY 10->6 PATH -1
2025-05-09 11:20:20.217 QUERY 10->10 PATH 0
2025-05-09 11:20:20.217 QUERY 1->2 PATH 1
2025-05-09 11:20:20.218 BATCH COMPLETE 2 ms
2025-05-09 11:20:20.233 QUERY 1->9 PATH -1
2025-05-09 11:20:20.233 QUERY 6->3 PATH -1
2025-05-09 11:20:20.234 QUERY 8->7 PATH -1
2025-05-09 11:20:20.234 BATCH COMPLETE 1 ms
2025-05-09 11:20:26.225 ADD 5->4 OK
2025-05-09 11:20:26.225 ADD 3->6 OK
2025-05-09 11:20:26.225 QUERY 7->5 PATH -1
2025-05-09 11:20:26.226 QUERY 5->1 PATH 2
2025-05-09 11:20:26.226 BATCH COMPLETE 2 ms
2025-05-09 11:20:27.233 QUERY 10->9 PATH -1
2025-05-09 11:20:27.234 BATCH COMPLETE 0 ms
2025-05-09 11:20:29.240 QUERY 3->2 PATH 2
2025-05-09 11:20:29.240 BATCH COMPLETE 0 ms
2025-05-09 11:20:33.245 QUERY 8->1 PATH -1
2025-05-09 11:20:33.245 BATCH COMPLETE 0 ms
2025-05-09 11:20:34.238 QUERY 9->7 PATH -1
2025-05-09 11:20:34.238 QUERY 5->5 PATH 0
2025-05-09 11:20:34.239 BATCH COMPLETE 1 ms
2025-05-09 11:20:37.249 QUERY 1->7 PATH -1
2025-05-09 11:20:37.249 QUERY 4->5 PATH -1
2025-05-09 11:20:37.249 QUERY 9->3 PATH -1
2025-05-09 11:20:37.249 BATCH COMPLETE 0 ms
